<?xml version="1.0" encoding="UTF-8"?>
<testsuite name="ru.stqa.pft.sandbox.EquationTests" tests="1" skipped="0" failures="0" errors="0" timestamp="2021-05-19T20:11:26" hostname="POLUSHINA-EI" time="0.005">
  <properties/>
  <testcase name="test" classname="ru.stqa.pft.sandbox.EquationTests" time="0.005"/>
  <system-out><![CDATA[]]></system-out>
  <system-err><![CDATA[]]></system-err>
</testsuite>
