<?xml version="1.0" encoding="UTF-8"?>
<testsuite name="ru.stqa.pft.sandbox.PrimeTests" tests="2" skipped="0" failures="0" errors="0" timestamp="2021-05-24T19:09:58" hostname="POLUSHINA-EI" time="0.014">
  <properties/>
  <testcase name="testNonPrimes" classname="ru.stqa.pft.sandbox.PrimeTests" time="0.011"/>
  <testcase name="testPrime" classname="ru.stqa.pft.sandbox.PrimeTests" time="0.0"/>
  <system-out><![CDATA[]]></system-out>
  <system-err><![CDATA[]]></system-err>
</testsuite>
